<?xml version="1.0" encoding="UTF-8" ?>
<testsuite tests="9" failures="1" name="co.edu.unicauca.openmarket.domain.service.CategoryServiceTest" time="0.015" errors="0" skipped="0">
  <properties>
    <property name="java.runtime.name" value="Java(TM) SE Runtime Environment"/>
    <property name="java.vm.version" value="16+36-2231"/>
    <property name="sun.boot.library.path" value="C:\Program Files\Java\jdk-16\bin"/>
    <property name="maven.multiModuleProjectDirectory" value="C:\Users\restr\OneDrive\Escritorio\Programacion\sfii\Open-Market-Client"/>
    <property name="java.vm.vendor" value="Oracle Corporation"/>
    <property name="java.vendor.url" value="https://java.oracle.com/"/>
    <property name="guice.disable.misplaced.annotation.check" value="true"/>
    <property name="path.separator" value=";"/>
    <property name="java.vm.name" value="Java HotSpot(TM) 64-Bit Server VM"/>
    <property name="sun.os.patch.level" value=""/>
    <property name="user.script" value=""/>
    <property name="user.country" value="CO"/>
    <property name="sun.java.launcher" value="SUN_STANDARD"/>
    <property name="java.vm.specification.name" value="Java Virtual Machine Specification"/>
    <property name="user.dir" value="C:\Users\restr\OneDrive\Escritorio\Programacion\sfii\Open-Market-Client"/>
    <property name="java.vm.compressedOopsMode" value="Zero based"/>
    <property name="java.runtime.version" value="16+36-2231"/>
    <property name="os.arch" value="amd64"/>
    <property name="java.io.tmpdir" value="C:\Users\restr\AppData\Local\Temp\"/>
    <property name="line.separator" value="
"/>
    <property name="java.vm.specification.vendor" value="Oracle Corporation"/>
    <property name="user.variant" value=""/>
    <property name="os.name" value="Windows 10"/>
    <property name="maven.ext.class.path" value="C:\Program Files\NetBeans-12.6\netbeans\java\maven-nblib\netbeans-eventspy.jar"/>
    <property name="classworlds.conf" value="C:\Program Files\NetBeans-12.6\netbeans\java\maven\bin\..\bin\m2.conf"/>
    <property name="sun.jnu.encoding" value="Cp1252"/>
    <property name="java.library.path" value="C:\Program Files\Java\jdk-16\bin;C:\WINDOWS\Sun\Java\bin;C:\WINDOWS\system32;C:\WINDOWS;C:\Program Files\Common Files\Oracle\Java\javapath;C:\WINDOWS\system32;C:\WINDOWS;C:\WINDOWS\System32\Wbem;C:\WINDOWS\System32\WindowsPowerShell\v1.0\;C:\WINDOWS\System32\OpenSSH\;C:\Program Files\Git\cmd;C:\Program Files\Maven\apache-maven-3.9.1\bin;C:\Users\restr\AppData\Local\Microsoft\WindowsApps;;C:\Users\restr\AppData\Local\Programs\Microsoft VS Code\bin;."/>
    <property name="maven.conf" value="C:\Program Files\NetBeans-12.6\netbeans\java\maven\bin\../conf"/>
    <property name="jdk.debug" value="release"/>
    <property name="java.class.version" value="60.0"/>
    <property name="java.specification.name" value="Java Platform API Specification"/>
    <property name="sun.management.compiler" value="HotSpot 64-Bit Tiered Compilers"/>
    <property name="os.version" value="10.0"/>
    <property name="library.jansi.path" value="C:\Program Files\NetBeans-12.6\netbeans\java\maven\bin\..\lib\jansi-native"/>
    <property name="user.home" value="C:\Users\restr"/>
    <property name="user.timezone" value="America/Bogota"/>
    <property name="file.encoding" value="UTF-8"/>
    <property name="java.specification.version" value="16"/>
    <property name="user.name" value="restr"/>
    <property name="java.class.path" value="C:\Program Files\NetBeans-12.6\netbeans\java\maven\bin\..\boot\plexus-classworlds-2.6.0.jar"/>
    <property name="java.vm.specification.version" value="16"/>
    <property name="sun.arch.data.model" value="64"/>
    <property name="sun.java.command" value="org.codehaus.plexus.classworlds.launcher.Launcher -Dmaven.ext.class.path=C:\Program Files\NetBeans-12.6\netbeans\java\maven-nblib\netbeans-eventspy.jar -Dfile.encoding=UTF-8 install"/>
    <property name="java.home" value="C:\Program Files\Java\jdk-16"/>
    <property name="user.language" value="es"/>
    <property name="java.specification.vendor" value="Oracle Corporation"/>
    <property name="java.vm.info" value="mixed mode, sharing"/>
    <property name="java.version" value="16"/>
    <property name="java.vendor" value="Oracle Corporation"/>
    <property name="maven.home" value="C:\Program Files\NetBeans-12.6\netbeans\java\maven\bin\.."/>
    <property name="file.separator" value="\"/>
    <property name="java.version.date" value="2021-03-16"/>
    <property name="java.vendor.url.bug" value="https://bugreport.java.com/bugreport/"/>
    <property name="sun.io.unicode.encoding" value="UnicodeLittle"/>
    <property name="sun.cpu.endian" value="little"/>
    <property name="sun.cpu.isalist" value="amd64"/>
  </properties>
  <testcase classname="co.edu.unicauca.openmarket.domain.service.CategoryServiceTest" name="co.edu.unicauca.openmarket.domain.service.CategoryServiceTest.testFindCategoryByIdNotFound" time="0.001"/>
  <testcase classname="co.edu.unicauca.openmarket.domain.service.CategoryServiceTest" name="co.edu.unicauca.openmarket.domain.service.CategoryServiceTest.testEditCategoryNotFound" time="0"/>
  <testcase classname="co.edu.unicauca.openmarket.domain.service.CategoryServiceTest" name="co.edu.unicauca.openmarket.domain.service.CategoryServiceTest.testFindAllCategories" time="0"/>
  <testcase classname="co.edu.unicauca.openmarket.domain.service.CategoryServiceTest" name="co.edu.unicauca.openmarket.domain.service.CategoryServiceTest.testSaveCategoryInvalidName" time="0"/>
  <testcase classname="co.edu.unicauca.openmarket.domain.service.CategoryServiceTest" name="co.edu.unicauca.openmarket.domain.service.CategoryServiceTest.testDeleteCategoryNotFound" time="0"/>
  <testcase classname="co.edu.unicauca.openmarket.domain.service.CategoryServiceTest" name="co.edu.unicauca.openmarket.domain.service.CategoryServiceTest.testFindCategoryById" time="0"/>
  <testcase classname="co.edu.unicauca.openmarket.domain.service.CategoryServiceTest" name="co.edu.unicauca.openmarket.domain.service.CategoryServiceTest.testDeleteCategory" time="0"/>
  <testcase classname="co.edu.unicauca.openmarket.domain.service.CategoryServiceTest" name="co.edu.unicauca.openmarket.domain.service.CategoryServiceTest.testEditCategory" time="0.014">
    <failure message="expected: &lt;true&gt; but was: &lt;false&gt;" type="org.opentest4j.AssertionFailedError">org.opentest4j.AssertionFailedError: expected: &lt;true&gt; but was: &lt;false&gt;
	at org.junit.jupiter.api.AssertionUtils.fail(AssertionUtils.java:55)
	at org.junit.jupiter.api.AssertTrue.assertTrue(AssertTrue.java:40)
	at org.junit.jupiter.api.AssertTrue.assertTrue(AssertTrue.java:35)
	at org.junit.jupiter.api.Assertions.assertTrue(Assertions.java:162)
	at co.edu.unicauca.openmarket.domain.service.CategoryServiceTest.testEditCategory(CategoryServiceTest.java:87)
</failure>
  </testcase>
  <testcase classname="co.edu.unicauca.openmarket.domain.service.CategoryServiceTest" name="co.edu.unicauca.openmarket.domain.service.CategoryServiceTest.testSaveCategory" time="0"/>
</testsuite>